<?xml version="1.0" encoding="utf-8" ?>
<!-- DO NOT EDIT THIS FILE -->

<log version='2.0' source='trc'>
	<msg id='1' display='false' source='trc'>
		<type>PROCESS_START</type>
		<severity>INFO</severity>
		<timestamp>Mon Nov  7 11:24:16 2022</timestamp>
		<arg name='process'>/home/xpoucp01/AVS_rasterization/build_advisor/mandelbrot</arg>
		<arg name='pid'>309591</arg>
	</msg>
	<!-- Instrumentation filter's state:
    Patterns applicability:
        Generic loop pattern.....................: enabled
        Generic loop pattern (with dynamic jumps): enabled
        Known trip value loop pattern............: enabled
        Runtime final value loop pattern.........: enabled
        No initial IV loop pattern...............: enabled
        IV step only loop pattern................: enabled
        No entry loop pattern....................: enabled
    Clustered memory model (CMM) applicability:
        Generic loop pattern.....................: enabled
        Generic loop pattern (with dynamic jumps): enabled
        Known trip value loop pattern............: enabled
        Runtime final value loop pattern.........: enabled
        No initial IV loop pattern...............: enabled
        IV step only loop pattern................: enabled
        No entry loop pattern....................: disabled
 -->
	<!-- Callstack mode:
    filter modules.........: true
    filter routines........: true
    count loops............: false
    count flops............: false
    trace..................: false
    extended trace.........: false
    omp trace..............: false
    jit trace..............: false
    failures trace.........: false
    dump raw...............: false
    dump final.............: false
    dump all...............: false
    stack stitching........: true
    stl profiling..........: true
    aggressive frame switch: true
    unwind frame exit......: true
    analyze child loops....: true
 -->
	<!-- Managed application profiling: -->
	<!-- 	State...................: enabled -->
	<!-- Gpu Profiling: -->
	<!-- 	State: disabled -->
	<msg id='2' display='false' source='trc'>
		<type>PROCESS_ANALYSIS_MODE</type>
		<severity>INFO</severity>
		<timestamp>Mon Nov  7 11:24:16 2022</timestamp>
		<arg name='mode'>full</arg>
	</msg>
	<!-- Update image info for [1:0x400000:YN] /home/xpoucp01/AVS_rasterization/build_advisor/mandelbrot -->
	<msg id='3' display='false' source='trc'>
		<type>LOAD_MODULE</type>
		<severity>INFO</severity>
		<timestamp>Mon Nov  7 11:24:16 2022</timestamp>
		<arg name='module'>/home/xpoucp01/AVS_rasterization/build_advisor/mandelbrot</arg>
		<arg name='basement'>0x400000</arg>
		<arg name='ceiling'>0x48097f</arg>
		<arg name='symtab'>yes</arg>
	</msg>
	<!-- Instrumenting image: id = 1, name = /home/xpoucp01/AVS_rasterization/build_advisor/mandelbrot -->
	<!-- Instrumenting loops in routine "BatchMandelCalculator::calculateMandelbrot" -->
	<!-- Instrumenting loops in routine "main" -->
	<!-- Update image info for [2:0x14F1828CF000:YN] /lib64/ld-linux-x86-64.so.2 -->
	<msg id='4' display='false' source='trc'>
		<type>LOAD_MODULE</type>
		<severity>INFO</severity>
		<timestamp>Mon Nov  7 11:24:16 2022</timestamp>
		<arg name='module'>/lib64/ld-linux-x86-64.so.2</arg>
		<arg name='basement'>0x14f1828cf000</arg>
		<arg name='ceiling'>0x14f182afd1cf</arg>
		<arg name='symtab'>yes</arg>
	</msg>
	<!-- Instrumentation of /lib64/ld-linux-x86-64.so.2 image skipped because of filter conditions [cs-mode]. -->
	<!-- Update image info for [3:0x7FFEE87A8000:NN] [vdso] -->
	<msg id='5' display='false' source='trc'>
		<type>LOAD_MODULE</type>
		<severity>INFO</severity>
		<timestamp>Mon Nov  7 11:24:16 2022</timestamp>
		<arg name='module'>[vdso]</arg>
		<arg name='basement'>0x7ffee87a8000</arg>
		<arg name='ceiling'>0x7ffee87a8f5c</arg>
		<arg name='symtab'>no</arg>
	</msg>
	<!-- Instrumentation of [vdso] image skipped because of filter conditions [cs-mode]. -->
	<!-- Update image info for [4:0x14F16B7BF000:YN] /apps/all/zlib/1.2.11-GCCcore-11.2.0/lib/libz.so.1 -->
	<msg id='6' display='false' source='trc'>
		<type>LOAD_MODULE</type>
		<severity>INFO</severity>
		<timestamp>Mon Nov  7 11:24:17 2022</timestamp>
		<arg name='module'>/apps/all/zlib/1.2.11-GCCcore-11.2.0/lib/libz.so.1</arg>
		<arg name='basement'>0x14f16b7bf000</arg>
		<arg name='ceiling'>0x14f16b7d7168</arg>
		<arg name='symtab'>yes</arg>
	</msg>
	<!-- Instrumentation of /apps/all/zlib/1.2.11-GCCcore-11.2.0/lib/libz.so.1 image skipped because of filter conditions [cs-mode]. -->
	<!-- Update image info for [5:0x14F16B530000:YN] /apps/all/GCCcore/11.2.0/lib64/libstdc++.so.6 -->
	<msg id='7' display='false' source='trc'>
		<type>LOAD_MODULE</type>
		<severity>INFO</severity>
		<timestamp>Mon Nov  7 11:24:17 2022</timestamp>
		<arg name='module'>/apps/all/GCCcore/11.2.0/lib64/libstdc++.so.6</arg>
		<arg name='basement'>0x14f16b530000</arg>
		<arg name='ceiling'>0x14f16b75b1bf</arg>
		<arg name='symtab'>yes</arg>
	</msg>
	<!-- Instrumentation of /apps/all/GCCcore/11.2.0/lib64/libstdc++.so.6 image skipped because of filter conditions [cs-mode]. -->
	<!-- Update image info for [6:0x14F16B180000:YN] /lib64/libm.so.6 -->
	<msg id='8' display='false' source='trc'>
		<type>LOAD_MODULE</type>
		<severity>INFO</severity>
		<timestamp>Mon Nov  7 11:24:17 2022</timestamp>
		<arg name='module'>/lib64/libm.so.6</arg>
		<arg name='basement'>0x14f16b180000</arg>
		<arg name='ceiling'>0x14f16b50113f</arg>
		<arg name='symtab'>yes</arg>
	</msg>
	<!-- Instrumentation of /lib64/libm.so.6 image skipped because of filter conditions [cs-mode]. -->
	<!-- Update image info for [7:0x14F16B166000:YN] /apps/all/GCCcore/11.2.0/lib64/libgcc_s.so.1 -->
	<msg id='9' display='false' source='trc'>
		<type>LOAD_MODULE</type>
		<severity>INFO</severity>
		<timestamp>Mon Nov  7 11:24:17 2022</timestamp>
		<arg name='module'>/apps/all/GCCcore/11.2.0/lib64/libgcc_s.so.1</arg>
		<arg name='basement'>0x14f16b166000</arg>
		<arg name='ceiling'>0x14f16b17f447</arg>
		<arg name='symtab'>yes</arg>
	</msg>
	<!-- Instrumentation of /apps/all/GCCcore/11.2.0/lib64/libgcc_s.so.1 image skipped because of filter conditions [cs-mode]. -->
	<!-- Update image info for [8:0x14F16ADA1000:YN] /lib64/libc.so.6 -->
	<msg id='10' display='false' source='trc'>
		<type>LOAD_MODULE</type>
		<severity>INFO</severity>
		<timestamp>Mon Nov  7 11:24:17 2022</timestamp>
		<arg name='module'>/lib64/libc.so.6</arg>
		<arg name='basement'>0x14f16ada1000</arg>
		<arg name='ceiling'>0x14f16b16573f</arg>
		<arg name='symtab'>yes</arg>
	</msg>
	<!-- Instrumentation of /lib64/libc.so.6 image skipped because of filter conditions. -->
	<!-- Update image info for [9:0x14F16AB9D000:YN] /lib64/libdl.so.2 -->
	<msg id='11' display='false' source='trc'>
		<type>LOAD_MODULE</type>
		<severity>INFO</severity>
		<timestamp>Mon Nov  7 11:24:17 2022</timestamp>
		<arg name='module'>/lib64/libdl.so.2</arg>
		<arg name='basement'>0x14f16ab9d000</arg>
		<arg name='ceiling'>0x14f16ada012f</arg>
		<arg name='symtab'>yes</arg>
	</msg>
	<!-- Instrumentation of /lib64/libdl.so.2 image skipped because of filter conditions [cs-mode]. -->
	<msg id='12' display='false' source='trc'>
		<type>UNLOAD_MODULE</type>
		<severity>INFO</severity>
		<timestamp>Mon Nov  7 11:24:20 2022</timestamp>
		<arg name='module'>/home/xpoucp01/AVS_rasterization/build_advisor/mandelbrot</arg>
	</msg>
	<msg id='13' display='false' source='trc'>
		<type>UNLOAD_MODULE</type>
		<severity>INFO</severity>
		<timestamp>Mon Nov  7 11:24:20 2022</timestamp>
		<arg name='module'>/lib64/ld-linux-x86-64.so.2</arg>
	</msg>
	<msg id='14' display='false' source='trc'>
		<type>UNLOAD_MODULE</type>
		<severity>INFO</severity>
		<timestamp>Mon Nov  7 11:24:20 2022</timestamp>
		<arg name='module'>[vdso]</arg>
	</msg>
	<msg id='15' display='false' source='trc'>
		<type>UNLOAD_MODULE</type>
		<severity>INFO</severity>
		<timestamp>Mon Nov  7 11:24:20 2022</timestamp>
		<arg name='module'>/apps/all/zlib/1.2.11-GCCcore-11.2.0/lib/libz.so.1</arg>
	</msg>
	<msg id='16' display='false' source='trc'>
		<type>UNLOAD_MODULE</type>
		<severity>INFO</severity>
		<timestamp>Mon Nov  7 11:24:20 2022</timestamp>
		<arg name='module'>/apps/all/GCCcore/11.2.0/lib64/libstdc++.so.6</arg>
	</msg>
	<msg id='17' display='false' source='trc'>
		<type>UNLOAD_MODULE</type>
		<severity>INFO</severity>
		<timestamp>Mon Nov  7 11:24:20 2022</timestamp>
		<arg name='module'>/lib64/libm.so.6</arg>
	</msg>
	<msg id='18' display='false' source='trc'>
		<type>UNLOAD_MODULE</type>
		<severity>INFO</severity>
		<timestamp>Mon Nov  7 11:24:20 2022</timestamp>
		<arg name='module'>/apps/all/GCCcore/11.2.0/lib64/libgcc_s.so.1</arg>
	</msg>
	<msg id='19' display='false' source='trc'>
		<type>UNLOAD_MODULE</type>
		<severity>INFO</severity>
		<timestamp>Mon Nov  7 11:24:20 2022</timestamp>
		<arg name='module'>/lib64/libc.so.6</arg>
	</msg>
	<msg id='20' display='false' source='trc'>
		<type>UNLOAD_MODULE</type>
		<severity>INFO</severity>
		<timestamp>Mon Nov  7 11:24:20 2022</timestamp>
		<arg name='module'>/lib64/libdl.so.2</arg>
	</msg>
	<msg id='21' display='false' source='trc'>
		<type>PROCESS_FINISH</type>
		<severity>INFO</severity>
		<timestamp>Mon Nov  7 11:24:20 2022</timestamp>
		<arg name='process'>/home/xpoucp01/AVS_rasterization/build_advisor/mandelbrot</arg>
		<arg name='pid'>309591</arg>
		<arg name='exitcode'>0x0</arg>
	</msg>
	<!-- Application exited with code 0 -->
</log>