10 [22605307740928] INFO perfrun.launcher <> - Launcher main begin
12 [22605307740928] INFO perfrun.launcher <> - MessageCatalogInit finished
12 [22605307740928] INFO perfrun.launcher <> - Launcher instance created
12 [22605307740928] INFO perfrun.launcher <> - argc = 7; cmdline = /apps/all/Advisor/2021.4.0-GCCcore-10.3.0/advisor/2021.4.0/bin64/advixe-runss --ui-output-format xml --ui-output-fd 7 --option-file /home/xpoucp01/AVS_rasterization/build_advisor/Advisor-ref/e000/hs000/config/runss.options 
56 [22605307740928] INFO perfrun.launcher <> - create msngr2::ICliToolContext
57 [22605307740928] INFO perfrun.launcher <> - create file finder object
57 [22605307740928] INFO perfrun.launcher <> - create a result directory: pattern = /home/xpoucp01/AVS_rasterization/build_advisor/Advisor-ref/e000/hs000 pid = 4294967295
60 [22605307740928] INFO perfrun.sdk <> - checked that the directory /home/xpoucp01/AVS_rasterization/build_advisor/Advisor-ref/e000/hs000 is a local directory
60 [22605307740928] INFO perfrun.sdk <> - the directory /home/xpoucp01/AVS_rasterization/build_advisor/Advisor-ref/e000/hs000 is located on a share or its FS ID is unknown 26985
60 [22605307740928] INFO perfrun.sdk <> - checked that the directory /tmp/pbs.695571.isrv1/advixe-tmp-xpoucp01 is a local directory
60 [22605307740928] INFO perfrun.sdk <> - the directory /tmp/pbs.695571.isrv1/advixe-tmp-xpoucp01 is a local directory with FS type ID 1481003842
61 [22605307740928] INFO perfrun.launcher <> - Create a local result directory /tmp/pbs.695571.isrv1/advixe-tmp-xpoucp01/advixe-res-308497-13448175680025272 due to the user result path /home/xpoucp01/AVS_rasterization/build_advisor/Advisor-ref/e000/hs000 is located on a share
61 [22605307740928] INFO perfrun.launcher <> - create data directory = /tmp/pbs.695571.isrv1/advixe-tmp-xpoucp01/advixe-res-308497-13448175680025272/data.0
61 [22605307740928] INFO perfrun.launcher <> - create data directory = /home/xpoucp01/AVS_rasterization/build_advisor/Advisor-ref/e000/hs000/data.0
61 [22605307740928] INFO perfrun.launcher <> - Creating the master collection flag
62 [22605307740928] INFO perfrun.launcher <> - Done creating the master collection flag
65 [22605177296640] INFO perfrun.launcher <> - plugin [remoteplug] was disabled because it doesn't support the given collection type.
65 [22605177296640] INFO perfrun.sdk <> - Allocating TMU :/tmp/pbs.695571.isrv1/advixe-tmp-xpoucp01/advixe-res-308497-13448175680025272/data.0/systemcollector-308497-cn47.barbora.it4i.cz.sc
65 [22605177296640] INFO perfrun.launcher <> - plugin [] was disabled because it doesn't support the given collection type.
65 [22605177296640] INFO perfrun.launcher <> - plugin [gpu] was disabled because it doesn't support the given collection type.
65 [22605177296640] INFO perfrun.launcher <> - plugin [] was disabled because it doesn't support the given collection type.
65 [22605177296640] INFO perfrun.launcher <> - plugin [] was disabled because it doesn't support the given collection type.
65 [22605177296640] INFO perfrun.launcher <> - plugin [] was disabled because it doesn't support the given collection type.
65 [22605177296640] INFO perfrun.mrte <> - system-wide mode is 0
65 [22605177296640] INFO perfrun.mrte <> - Getting  mrte profiling environment ...
84 [22605177296640] INFO perfrun.mrte <> - INTEL_MRTE_DATA_DIR=/tmp/pbs.695571.isrv1/advixe-tmp-xpoucp01/advixe-res-308497-13448175680025272/data.0
84 [22605177296640] INFO perfrun.mrte <> - INTEL_MRTE_HOST_NAME=cn47.barbora.it4i.cz
84 [22605177296640] INFO perfrun.mrte <> - Data directory: /tmp/pbs.695571.isrv1/advixe-tmp-xpoucp01/advixe-res-308497-13448175680025272/data.0
84 [22605177296640] INFO perfrun.mrte <> - Mrte plugin is initialized
84 [22605177296640] INFO perfrun.launcher <> - plugin [] was disabled because it doesn't support the given collection type.
84 [22605177296640] INFO perfrun.launcher <> - plugin [] was disabled because it doesn't support the given collection type.
84 [22605177296640] INFO perfrun.launcher <> - plugin [] was disabled because it doesn't support the given collection type.
84 [22605177296640] INFO perfrun.launcher <> - plugin [] was disabled because it doesn't support the given collection type.
84 [22605177296640] INFO perfrun.launcher <> - plugin [] was disabled because it doesn't support the given collection type.
84 [22605177296640] INFO perfrun.launcher <> - plugin [] was disabled because it doesn't support the given collection type.
84 [22605177296640] INFO perfrun.launcher <> - plugin [] was disabled because it doesn't support the given collection type.
84 [22605177296640] INFO perfrun.tpss <> - initialize tpss controller
84 [22605177296640] INFO perfrun.tpss <> - configure collection mode: value = cpu:stack
84 [22605177296640] INFO perfrun.tpss <> - default obj-size-min=1024
84 [22605177296640] INFO perfrun.tpss <> - default hash-table-size=0
84 [22605177296640] INFO perfrun.launcher <> - plugin [] was disabled because it doesn't support the given collection type.
84 [22605177296640] INFO perfrun.launcher <> - plugin [] was disabled because it doesn't support the given collection type.
84 [22605177296640] INFO perfrun.launcher <> - plugin [] was disabled because it doesn't support the given collection type.
84 [22605177296640] INFO perfrun.launcher <> - plugin [] was disabled because it doesn't support the given collection type.
84 [22605177296640] INFO perfrun.launcher <> - plugin [] was disabled because it doesn't support the given collection type.
84 [22605177296640] INFO perfrun.launcher <> - plugin [] was disabled because it doesn't support the given collection type.
84 [22605177296640] INFO perfrun.launcher <> - plugin [] was disabled because it doesn't support the given collection type.
84 [22605177296640] INFO perfrun.launcher <> - plugin [] was disabled because it doesn't support the given collection type.
84 [22605177296640] INFO perfrun.launcher <> - plugin [] was disabled because it doesn't support the given collection type.
84 [22605177296640] INFO perfrun.launcher <> - plugin [] was disabled because it doesn't support the given collection type.
84 [22605307740928] INFO perfrun.launcher <> - set environment variable: LD_LIBRARY_PATH = /apps/all/Advisor/2021.4.0-GCCcore-10.3.0/advisor/2021.4.0/lib32/runtime:/apps/all/Advisor/2021.4.0-GCCcore-10.3.0/advisor/2021.4.0/lib64/runtime:/apps/all/GTK3/3.24.31-GCCcore-11.2.0/lib:/apps/all/libepoxy/1.5.8-GCCcore-11.2.0/lib:/apps/all/Mesa/21.1.7-GCCcore-11.2.0/lib:/apps/all/LLVM/12.0.1-GCCcore-11.2.0/lib:/apps/all/zlib/1.2.11-GCCcore-11.2.0/lib:/apps/all/ncurses/6.2-GCCcore-11.2.0/lib:/apps/all/GCCcore/11.2.0/lib64:/apps/all/libunwind/1.5.0-GCCcore-11.2.0/lib:/apps/all/XZ/5.2.5-GCCcore-11.2.0/lib:/apps/all/libglvnd/1.3.3-GCCcore-11.2.0/lib:/apps/all/X11/20210802-GCCcore-11.2.0/lib:/apps/all/libdrm/2.4.107-GCCcore-11.2.0/lib:/apps/all/zstd/1.5.0-GCCcore-11.2.0/lib:/apps/all/Gdk-Pixbuf/2.42.6-GCCcore-11.2.0/lib:/apps/all/LibTIFF/4.3.0-GCCcore-11.2.0/lib:/apps/all/lz4/1.9.3-GCCcore-11.2.0/lib:/apps/all/jbigkit/2.1-GCCcore-11.2.0/lib:/apps/all/libjpeg-turbo/2.0.6-GCCcore-11.2.0/lib:/apps/all/libpng/1.6.37-GCCcore-11.2.0/lib:/apps/all/GLib/2.69.1-GCCcore-11.2.0/lib:/apps/all/at-spi2-atk/2.38.0-GCCcore-11.2.0/lib:/apps/all/at-spi2-core/2.40.3-GCCcore-11.2.0/lib:/apps/all/DBus/1.13.18-GCCcore-11.2.0/lib:/apps/all/ATK/2.36.0-GCCcore-11.2.0/lib:/apps/all/Pango/1.48.8-GCCcore-11.2.0/lib:/apps/all/FriBidi/1.0.10-GCCcore-11.2.0/lib:/apps/all/HarfBuzz/2.8.2-GCCcore-11.2.0/lib:/apps/all/cairo/1.16.0-GCCcore-11.2.0/lib:/apps/all/freetype/2.11.0-GCCcore-11.2.0/lib:/apps/all/ICU/69.1-GCCcore-11.2.0/lib:/apps/all/expat/2.4.1-GCCcore-11.2.0/lib:/apps/all/pixman/0.40.0-GCCcore-11.2.0/lib:/apps/all/bzip2/1.0.8-GCCcore-11.2.0/lib:/apps/all/util-linux/2.37-GCCcore-11.2.0/lib:/apps/all/PCRE/8.45-GCCcore-11.2.0/lib:/apps/all/gettext/0.21-GCCcore-11.2.0/lib:/apps/all/libxml2/2.9.10-GCCcore-11.2.0/lib:/apps/all/libffi/3.4.2-GCCcore-11.2.0/lib64:/apps/all/libpciaccess/0.16-GCCcore-11.2.0/lib:/apps/all/fontconfig/2.13.94-GCCcore-11.2.0/lib:/apps/all/Brotli/1.0.9-GCCcore-11.2.0/lib:/apps/all/imkl-FFTW/2021.4.0-iimpi-2021b/lib:/apps/all/imkl/2021.4.0/mkl/2021.4.0/lib/intel64:/apps/all/imkl/2021.4.0/compiler/2021.4.0/linux/compiler/lib/intel64_lin:/apps/all/impi/2021.4.0-intel-compilers-2021.4.0/mpi/2021.4.0/libfabric/lib:/apps/all/impi/2021.4.0-intel-compilers-2021.4.0/mpi/2021.4.0/lib/release:/apps/all/impi/2021.4.0-intel-compilers-2021.4.0/mpi/2021.4.0/lib:/apps/all/UCX/1.11.2-GCCcore-11.2.0/lib:/apps/all/numactl/2.0.14-GCCcore-11.2.0/lib:/apps/all/intel-compilers/2021.4.0/tbb/2021.4.0/lib/intel64/gcc4.8:/apps/all/intel-compilers/2021.4.0/compiler/2021.4.0/linux/compiler/lib/intel64_lin:/apps/all/intel-compilers/2021.4.0/compiler/2021.4.0/linux/lib/x64:/apps/all/intel-compilers/2021.4.0/compiler/2021.4.0/linux/lib:/apps/all/binutils/2.37-GCCcore-11.2.0/lib:/apps/all/GTK2/2.24.33-GCCcore-10.3.0/lib:/apps/all/PCRE2/10.36-GCCcore-10.3.0/lib:/apps/all/libarchive/3.6.1-GCCcore-11.3.0/lib:/apps/all/cURL/7.83.0-GCCcore-11.3.0/lib:/apps/all/OpenSSL/1.1/lib
84 [22605307740928] INFO perfrun.launcher <> - set environment variable: INTEL_LIBITTNOTIFY32 = /apps/all/Advisor/2021.4.0-GCCcore-10.3.0/advisor/2021.4.0/lib32/runtime/libittnotify_collector.so
84 [22605307740928] INFO perfrun.launcher <> - set environment variable: INTEL_LIBITTNOTIFY64 = /apps/all/Advisor/2021.4.0-GCCcore-10.3.0/advisor/2021.4.0/lib64/runtime/libittnotify_collector.so
84 [22605307740928] INFO perfrun.launcher <> - set environment variable: INTEL_ITTNOTIFY_GROUPS = 
84 [22605307740928] INFO perfrun.launcher <> - set environment variable: INTEL_JIT_PROFILER32 = /apps/all/Advisor/2021.4.0-GCCcore-10.3.0/advisor/2021.4.0/lib32/runtime/libittnotify_collector.so
84 [22605307740928] INFO perfrun.launcher <> - set environment variable: INTEL_JIT_PROFILER64 = /apps/all/Advisor/2021.4.0-GCCcore-10.3.0/advisor/2021.4.0/lib64/runtime/libittnotify_collector.so
84 [22605307740928] INFO perfrun.launcher <> - set environment variable: VS_PROFILER = libittnotify_collector.so
84 [22605307740928] INFO perfrun.launcher <> - set environment variable: OMP_TOOL_LIBRARIES = /apps/all/Advisor/2021.4.0-GCCcore-10.3.0/advisor/2021.4.0/lib32/runtime/libittnotify_collector.so:/apps/all/Advisor/2021.4.0-GCCcore-10.3.0/advisor/2021.4.0/lib64/runtime/libittnotify_collector.so
84 [22605307740928] INFO perfrun.launcher <> - set environment variable: ENABLE_JITPROFILING = 1
84 [22605307740928] INFO perfrun.launcher <> - set environment variable: CL_CONFIG_USE_VTUNE = True
84 [22605307740928] INFO perfrun.launcher <> - set environment variable: KMP_FORKJOIN_FRAMES = 0
84 [22605307740928] INFO perfrun.launcher <> - set environment variable: KMP_FORKJOIN_FRAMES_MODE = 0
84 [22605307740928] INFO perfrun.launcher <> - set environment variable: OMP_TOOL = disabled
84 [22605307740928] INFO perfrun.launcher <> - set environment variable: INTEL_MRTE_DATA_DIR = /tmp/pbs.695571.isrv1/advixe-tmp-xpoucp01/advixe-res-308497-13448175680025272/data.0
84 [22605307740928] INFO perfrun.launcher <> - set environment variable: INTEL_MRTE_HOST_NAME = cn47.barbora.it4i.cz
84 [22605307740928] INFO perfrun.launcher <> - RpcServer: run RPC server to handle requests
85 [22605307740928] INFO perfrun.launcher <> - Launcher: command line to start before modification = ./mandelbrot -c ref -s 4096
85 [22605307740928] INFO perfrun.launcher <> - Launcher: command line to start after modification = /apps/all/Advisor/2021.4.0-GCCcore-10.3.0/advisor/2021.4.0/bin64/pin -error_file /tmp/pbs.695571.isrv1/advixe-tmp-xpoucp01/advixe-res-308497-13448175680025272/data.0/pinerr.tpsslog -detach_reattach -follow_execv -tool_load_option deepbind -t64 /apps/all/Advisor/2021.4.0-GCCcore-10.3.0/advisor/2021.4.0/lib64/libtpsstool.so -t /apps/all/Advisor/2021.4.0-GCCcore-10.3.0/advisor/2021.4.0/lib32/libtpsstool.so -server_name tpss_ipc.308497 -prd_dir /apps/all/Advisor/2021.4.0-GCCcore-10.3.0/advisor/2021.4.0 -- ./mandelbrot -c ref -s 4096
85 [22605307740928] INFO perfrun.launcher <> - ProcessCreator object was created
85 [22605307740928] INFO perfrun.launcher <> - Launcher: the process was started in suspend mode
89 [22605177296640] WARN perfrun.system <> - Could not do anything with /sys/kernel/debug/kvm: boost::filesystem::status: Permission denied: "/sys/kernel/debug/kvm", at file: vcs/perfrun1/plugins/system/src/trace_writer.cpp:797
89 [22605177296640] WARN perfrun.system <> - Folder "/var/run/libvirt/qemu/"doesn't exist, at file: vcs/perfrun1/plugins/system/src/trace_writer.cpp:810
92 [22605177296640] WARN perfrun.system <> - SEP tool is not available, at file: vcs/perfrun1/plugins/system/src/device_mapper.cpp:564
92 [22605177296640] WARN perfrun.system <> - SEP driver is not available, at file: vcs/perfrun1/plugins/system/src/device_mapper.cpp:720
92 [22605177296640] WARN perfrun.system <> - amplxe-perf tool is not available, at file: vcs/perfrun1/plugins/system/src/device_mapper.cpp:580
92 [22605177296640] WARN perfrun.system <> - Device mapping through perf is not available on current kernel, at file: vcs/perfrun1/plugins/system/src/device_mapper.cpp:918
95 [22605177296640] WARN perfrun.system <> - SEP tool is not available, at file: vcs/perfrun1/plugins/system/src/device_mapper.cpp:564
95 [22605177296640] WARN perfrun.system <> - SEP driver is not available, at file: vcs/perfrun1/plugins/system/src/device_mapper.cpp:720
95 [22605177296640] WARN perfrun.sdk <> - Failed to find xl binary on any of the system paths: /bin, /sbin, /usr/bin, /usr/sbin., at file: vcs/perfrun1/sdk/src/utils.cpp:197
97 [22605177296640] INFO perfrun.vdso <> - Helper runtool '/apps/all/Advisor/2021.4.0-GCCcore-10.3.0/advisor/2021.4.0/bin32/advixe-runss -dump-vdso -r /tmp/pbs.695571.isrv1/advixe-tmp-xpoucp01/advixe-res-308497-13448175680025272 --tmp-dir /tmp/pbs.695571.isrv1/advixe-tmp-xpoucp01' returned 1
183 [22605177296640] INFO perfrun.vdso <> - Helper runtool '/apps/all/Advisor/2021.4.0-GCCcore-10.3.0/advisor/2021.4.0/bin64/advixe-runss -dump-vdso -r /tmp/pbs.695571.isrv1/advixe-tmp-xpoucp01/advixe-res-308497-13448175680025272 --tmp-dir /tmp/pbs.695571.isrv1/advixe-tmp-xpoucp01' returned 0
183 [22605177296640] INFO perfrun.itt <> - start itt controller for pid #308502
183 [22605177296640] INFO perfrun.tpss <> - start tpss controller for pid #308502
233 [22605307740928] INFO perfrun.launcher <> - Launcher: all plugins were started
233 [22605307740928] INFO perfrun.launcher <> - DirectoryMonitor object was created
233 [22605307740928] INFO perfrun.launcher <> - DirectoryMonitor: a callback was added
233 [22605307740928] INFO perfrun.launcher <> - DirectoryMonitor was started with pingTime = 1000
233 [22605307740928] INFO perfrun.launcher <> - DeadlineTimer is going to be constructed
233 [22605307740928] INFO perfrun.launcher <> - DeadlineTimer: a callback was added
235 [22605307740928] INFO perfrun.launcher <> - Launcher: resume the profiled application and  wait its termination or stop command
673 [22605307740928] INFO perfrun.launcher <> - Launcher: the profiled application was terminated  with exit code = 0
675 [22605177296640] INFO perfrun.itt <> - stop itt controller
675 [22605177296640] INFO perfrun.itt <> - detach itt controller
675 [22605177296640] INFO perfrun.tpss <> - stop tpss controller
675 [22605177296640] INFO perfrun.sdk <> - De-allocating TMU: /tmp/pbs.695571.isrv1/advixe-tmp-xpoucp01/advixe-res-308497-13448175680025272/data.0/systemcollector-308497-cn47.barbora.it4i.cz.sc
675 [22605177296640] INFO perfrun.system <> - closed the system trace file: /tmp/pbs.695571.isrv1/advixe-tmp-xpoucp01/advixe-res-308497-13448175680025272/data.0/systemcollector-308497-cn47.barbora.it4i.cz.sc
675 [22605307740928] INFO perfrun.launcher <> - Launcher: all plugins were stopped.
675 [22605307740928] INFO perfrun.launcher <> - DeadlineTimer is going to be destroyed
675 [22605307740928] INFO perfrun.launcher <> - DeadlineTimer was destroyed
675 [22605307740928] INFO perfrun.launcher <> - DirectoryMonitor object was destroyed
675 [22605307740928] WARN perfrun.launcher <> - Stop command is ignored because it is received when collection is already stopped, at file: vcs/perfrun1/launcher/src/command_handler.cpp:212
679 [22605307740928] INFO perfrun.launcher <> - Application exit code: 0
679 [22605307740928] INFO perfrun.launcher <> - Exit code: 0
